0 info it worked if it ends with ok
1 verbose cli [ '/usr/local/bin/node', '/usr/local/bin/npm', 'run', 'deploy' ]
2 info using npm@3.10.3
3 info using node@v6.5.0
4 verbose run-script [ 'predeploy', 'deploy', 'postdeploy' ]
5 info lifecycle KimbyArting@1.0.1~predeploy: KimbyArting@1.0.1
6 silly lifecycle KimbyArting@1.0.1~predeploy: no script for predeploy, continuing
7 info lifecycle KimbyArting@1.0.1~deploy: KimbyArting@1.0.1
8 verbose lifecycle KimbyArting@1.0.1~deploy: unsafe-perm in lifecycle true
9 verbose lifecycle KimbyArting@1.0.1~deploy: PATH: /usr/local/lib/node_modules/npm/bin/node-gyp-bin:/Users/adamestela/Desktop/KimbyArting/node_modules/.bin:/usr/local/bin:/Users/adamestela/.rvm/gems/ruby-2.3.0/bin:/Users/adamestela/.rvm/gems/ruby-2.3.0@global/bin:/Users/adamestela/.rvm/rubies/ruby-2.3.0/bin:/usr/local/bin:/usr/bin:/bin:/usr/sbin:/sbin:/Users/adamestela/.rvm/bin
10 verbose lifecycle KimbyArting@1.0.1~deploy: CWD: /Users/adamestela/Desktop/KimbyArting
11 silly lifecycle KimbyArting@1.0.1~deploy: Args: [ '-c',
11 silly lifecycle   'npm run build && npm test && git add . && git commit -m \'production dist built\' && git push origin master' ]
12 silly lifecycle KimbyArting@1.0.1~deploy: Returned: code: 1  signal: null
13 info lifecycle KimbyArting@1.0.1~deploy: Failed to exec deploy script
14 verbose stack Error: KimbyArting@1.0.1 deploy: `npm run build && npm test && git add . && git commit -m 'production dist built' && git push origin master`
14 verbose stack Exit status 1
14 verbose stack     at EventEmitter.<anonymous> (/usr/local/lib/node_modules/npm/lib/utils/lifecycle.js:242:16)
14 verbose stack     at emitTwo (events.js:106:13)
14 verbose stack     at EventEmitter.emit (events.js:191:7)
14 verbose stack     at ChildProcess.<anonymous> (/usr/local/lib/node_modules/npm/lib/utils/spawn.js:40:14)
14 verbose stack     at emitTwo (events.js:106:13)
14 verbose stack     at ChildProcess.emit (events.js:191:7)
14 verbose stack     at maybeClose (internal/child_process.js:877:16)
14 verbose stack     at Process.ChildProcess._handle.onexit (internal/child_process.js:226:5)
15 verbose pkgid KimbyArting@1.0.1
16 verbose cwd /Users/adamestela/Desktop/KimbyArting
17 error Darwin 15.6.0
18 error argv "/usr/local/bin/node" "/usr/local/bin/npm" "run" "deploy"
19 error node v6.5.0
20 error npm  v3.10.3
21 error code ELIFECYCLE
22 error KimbyArting@1.0.1 deploy: `npm run build && npm test && git add . && git commit -m 'production dist built' && git push origin master`
22 error Exit status 1
23 error Failed at the KimbyArting@1.0.1 deploy script 'npm run build && npm test && git add . && git commit -m 'production dist built' && git push origin master'.
23 error Make sure you have the latest version of node.js and npm installed.
23 error If you do, this is most likely a problem with the KimbyArting package,
23 error not with npm itself.
23 error Tell the author that this fails on your system:
23 error     npm run build && npm test && git add . && git commit -m 'production dist built' && git push origin master
23 error You can get information on how to open an issue for this project with:
23 error     npm bugs KimbyArting
23 error Or if that isn't available, you can get their info via:
23 error     npm owner ls KimbyArting
23 error There is likely additional logging output above.
24 verbose exit [ 1, true ]
